2019-04-02 08:04:24 startup archives unpack
2019-04-02 08:04:24 upgrade libsystemd0:amd64 229-4ubuntu21.15 229-4ubuntu21.16
2019-04-02 08:04:24 status triggers-pending libc-bin:amd64 2.23-0ubuntu10
2019-04-02 08:04:24 status half-configured libsystemd0:amd64 229-4ubuntu21.15
2019-04-02 08:04:24 status unpacked libsystemd0:amd64 229-4ubuntu21.15
2019-04-02 08:04:24 status half-installed libsystemd0:amd64 229-4ubuntu21.15
2019-04-02 08:04:24 status half-installed libsystemd0:amd64 229-4ubuntu21.15
2019-04-02 08:04:32 status unpacked libsystemd0:amd64 229-4ubuntu21.16
2019-04-02 08:04:32 status unpacked libsystemd0:amd64 229-4ubuntu21.16
2019-04-02 08:04:32 trigproc libc-bin:amd64 2.23-0ubuntu10 <none>
2019-04-02 08:04:32 status half-configured libc-bin:amd64 2.23-0ubuntu10
2019-04-02 08:04:33 status installed libc-bin:amd64 2.23-0ubuntu10
2019-04-02 08:04:33 startup packages configure
2019-04-02 08:04:33 configure libsystemd0:amd64 229-4ubuntu21.16 <none>
2019-04-02 08:04:33 status triggers-pending libc-bin:amd64 2.23-0ubuntu10
2019-04-02 08:04:33 status unpacked libsystemd0:amd64 229-4ubuntu21.16
2019-04-02 08:04:33 status half-configured libsystemd0:amd64 229-4ubuntu21.16
2019-04-02 08:04:33 status installed libsystemd0:amd64 229-4ubuntu21.16
2019-04-02 08:04:33 trigproc libc-bin:amd64 2.23-0ubuntu10 <none>
2019-04-02 08:04:33 status half-configured libc-bin:amd64 2.23-0ubuntu10
2019-04-02 08:04:33 status installed libc-bin:amd64 2.23-0ubuntu10
2019-04-02 08:04:33 startup archives unpack
2019-04-02 08:04:33 upgrade systemd:amd64 229-4ubuntu21.15 229-4ubuntu21.16
2019-04-02 08:04:33 status half-configured systemd:amd64 229-4ubuntu21.15
2019-04-02 08:04:33 status unpacked systemd:amd64 229-4ubuntu21.15
2019-04-02 08:04:33 status half-installed systemd:amd64 229-4ubuntu21.15
2019-04-02 08:04:34 status triggers-pending dbus:amd64 1.10.6-1ubuntu3.3
2019-04-02 08:04:34 status triggers-pending dbus:amd64 1.10.6-1ubuntu3.3
2019-04-02 08:04:39 status half-installed systemd:amd64 229-4ubuntu21.15
